{"numTotalTestSuites":18,"numPassedTestSuites":18,"numFailedTestSuites":0,"numPendingTestSuites":0,"numTotalTests":42,"numPassedTests":42,"numFailedTests":0,"numPendingTests":0,"numTodoTests":0,"snapshot":{"added":0,"failure":false,"filesAdded":0,"filesRemoved":0,"filesRemovedList":[],"filesUnmatched":0,"filesUpdated":0,"matched":0,"total":0,"unchecked":0,"uncheckedKeysByFile":[],"unmatched":0,"updated":0,"didUpdate":false},"startTime":1782150075570,"success":true,"testResults":[{"assertionResults":[{"ancestorTitles":["ClientForm"],"fullName":"ClientForm renders create form correctly","status":"passed","title":"renders create form correctly","duration":88.08412300000009,"failureMessages":[],"meta":{},"tags":[]},{"ancestorTitles":["ClientForm"],"fullName":"ClientForm validates app key format live","status":"passed","title":"validates app key format live","duration":27.20427799999993,"failureMessages":[],"meta":{},"tags":[]},{"ancestorTitles":["ClientForm"],"fullName":"ClientForm submits create mutation with correct data","status":"passed","title":"submits create mutation with correct data","duration":29.38727300000005,"failureMessages":[],"meta":{},"tags":[]},{"ancestorTitles":["ClientForm"],"fullName":"ClientForm renders edit form with pre-filled data and disabled app key","status":"passed","title":"renders edit form with pre-filled data and disabled app key","duration":18.122859000000062,"failureMessages":[],"meta":{},"tags":[]},{"ancestorTitles":["ClientForm"],"fullName":"ClientForm handles submission errors","status":"passed","title":"handles submission errors","duration":9.108287000000018,"failureMessages":[],"meta":{},"tags":[]}],"startTime":1782150079416,"endTime":1782150079588.1084,"status":"passed","message":"","name":"/app/applet/tests/components/ClientForm.test.tsx"},{"assertionResults":[{"ancestorTitles":["ClientTable"],"fullName":"ClientTable renders loading state with skeletons","status":"passed","title":"renders loading state with skeletons","duration":36.981291000000056,"failureMessages":[],"meta":{},"tags":[]},{"ancestorTitles":["ClientTable"],"fullName":"ClientTable renders empty state when no clients exist","status":"passed","title":"renders empty state when no clients exist","duration":16.08742600000005,"failureMessages":[],"meta":{},"tags":[]},{"ancestorTitles":["ClientTable"],"fullName":"ClientTable renders client rows correctly","status":"passed","title":"renders client rows correctly","duration":24.73704399999997,"failureMessages":[],"meta":{},"tags":[]},{"ancestorTitles":["ClientTable"],"fullName":"ClientTable shows rotated token indicator when app_key is in rotatedAppKeys","status":"passed","title":"shows rotated token indicator when app_key is in rotatedAppKeys","duration":17.444612999999663,"failureMessages":[],"meta":{},"tags":[]},{"ancestorTitles":["ClientTable"],"fullName":"ClientTable calls action handlers when buttons are clicked","status":"passed","title":"calls action handlers when buttons are clicked","duration":24.73484099999996,"failureMessages":[],"meta":{},"tags":[]}],"startTime":1782150082681,"endTime":1782150082800.7349,"status":"passed","message":"","name":"/app/applet/tests/components/ClientTable.test.tsx"},{"assertionResults":[{"ancestorTitles":["DeleteConfirmModal"],"fullName":"DeleteConfirmModal renders confirmation with log count","status":"passed","title":"renders confirmation with log count","duration":185.0288999999998,"failureMessages":[],"meta":{},"tags":[]},{"ancestorTitles":["DeleteConfirmModal"],"fullName":"DeleteConfirmModal calls delete mutation when confirmed","status":"passed","title":"calls delete mutation when confirmed","duration":27.844289000000117,"failureMessages":[],"meta":{},"tags":[]},{"ancestorTitles":["DeleteConfirmModal"],"fullName":"DeleteConfirmModal shows success state after deletion","status":"passed","title":"shows success state after deletion","duration":28.259145000000444,"failureMessages":[],"meta":{},"tags":[]}],"startTime":1782150077438,"endTime":1782150077679.259,"status":"passed","message":"","name":"/app/applet/tests/components/DeleteConfirmModal.test.tsx"},{"assertionResults":[{"ancestorTitles":["JsonViewer"],"fullName":"JsonViewer renders null correctly","status":"passed","title":"renders null correctly","duration":33.17478899999992,"failureMessages":[],"meta":{},"tags":[]},{"ancestorTitles":["JsonViewer"],"fullName":"JsonViewer renders undefined correctly","status":"passed","title":"renders undefined correctly","duration":4.262351999999964,"failureMessages":[],"meta":{},"tags":[]},{"ancestorTitles":["JsonViewer"],"fullName":"JsonViewer renders a string correctly","status":"passed","title":"renders a string correctly","duration":4.442256999999927,"failureMessages":[],"meta":{},"tags":[]},{"ancestorTitles":["JsonViewer"],"fullName":"JsonViewer renders a number correctly","status":"passed","title":"renders a number correctly","duration":3.2254350000000613,"failureMessages":[],"meta":{},"tags":[]},{"ancestorTitles":["JsonViewer"],"fullName":"JsonViewer renders a boolean correctly","status":"passed","title":"renders a boolean correctly","duration":3.7831370000001243,"failureMessages":[],"meta":{},"tags":[]},{"ancestorTitles":["JsonViewer"],"fullName":"JsonViewer renders an empty array correctly","status":"passed","title":"renders an empty array correctly","duration":2.8270820000000185,"failureMessages":[],"meta":{},"tags":[]},{"ancestorTitles":["JsonViewer"],"fullName":"JsonViewer renders an empty object correctly","status":"passed","title":"renders an empty object correctly","duration":3.802412000000004,"failureMessages":[],"meta":{},"tags":[]},{"ancestorTitles":["JsonViewer"],"fullName":"JsonViewer renders an array with items correctly","status":"passed","title":"renders an array with items correctly","duration":5.267104999999901,"failureMessages":[],"meta":{},"tags":[]},{"ancestorTitles":["JsonViewer"],"fullName":"JsonViewer renders an object with properties correctly","status":"passed","title":"renders an object with properties correctly","duration":5.221612999999934,"failureMessages":[],"meta":{},"tags":[]}],"startTime":1782150088377,"endTime":1782150088443.2217,"status":"passed","message":"","name":"/app/applet/tests/components/JsonViewer.test.tsx"},{"assertionResults":[{"ancestorTitles":["LevelBadge"],"fullName":"LevelBadge renders the level text correctly","status":"passed","title":"renders the level text correctly","duration":41.361193000000185,"failureMessages":[],"meta":{},"tags":[]},{"ancestorTitles":["LevelBadge"],"fullName":"LevelBadge applies the correct colors for error level","status":"passed","title":"applies the correct colors for error level","duration":3.545902000000069,"failureMessages":[],"meta":{},"tags":[]},{"ancestorTitles":["LevelBadge"],"fullName":"LevelBadge renders correctly for all levels","status":"passed","title":"renders correctly for all levels","duration":15.741566000000148,"failureMessages":[],"meta":{},"tags":[]},{"ancestorTitles":["LevelBadge"],"fullName":"LevelBadge applies custom className","status":"passed","title":"applies custom className","duration":3.270291000000043,"failureMessages":[],"meta":{},"tags":[]}],"startTime":1782150089925,"endTime":1782150089988.2703,"status":"passed","message":"","name":"/app/applet/tests/components/LevelBadge.test.tsx"},{"assertionResults":[{"ancestorTitles":["RotateConfirmModal"],"fullName":"RotateConfirmModal renders confirmation message with client name","status":"passed","title":"renders confirmation message with client name","duration":68.05160799999999,"failureMessages":[],"meta":{},"tags":[]},{"ancestorTitles":["RotateConfirmModal"],"fullName":"RotateConfirmModal calls rotation mutation when confirmed","status":"passed","title":"calls rotation mutation when confirmed","duration":15.642317999999932,"failureMessages":[],"meta":{},"tags":[]},{"ancestorTitles":["RotateConfirmModal"],"fullName":"RotateConfirmModal calls onClose when cancel is clicked","status":"passed","title":"calls onClose when cancel is clicked","duration":9.852064000000155,"failureMessages":[],"meta":{},"tags":[]}],"startTime":1782150086704,"endTime":1782150086797.852,"status":"passed","message":"","name":"/app/applet/tests/components/RotateConfirmModal.test.tsx"},{"assertionResults":[{"ancestorTitles":["TokenRevealModal"],"fullName":"TokenRevealModal renders the app key and token correctly","status":"passed","title":"renders the app key and token correctly","duration":62.135222999999996,"failureMessages":[],"meta":{},"tags":[]},{"ancestorTitles":["TokenRevealModal"],"fullName":"TokenRevealModal handles token copying correctly","status":"passed","title":"handles token copying correctly","duration":22.655508999999938,"failureMessages":[],"meta":{},"tags":[]},{"ancestorTitles":["TokenRevealModal"],"fullName":"TokenRevealModal calls onClose when the confirmation button is clicked","status":"passed","title":"calls onClose when the confirmation button is clicked","duration":13.944810000000189,"failureMessages":[],"meta":{},"tags":[]},{"ancestorTitles":["TokenRevealModal"],"fullName":"TokenRevealModal displays implementation example headers","status":"passed","title":"displays implementation example headers","duration":11.561509000000115,"failureMessages":[],"meta":{},"tags":[]}],"startTime":1782150084676,"endTime":1782150084786.5615,"status":"passed","message":"","name":"/app/applet/tests/components/TokenRevealModal.test.tsx"},{"assertionResults":[{"ancestorTitles":["cn"],"fullName":"cn merges tailwind classes correctly","status":"passed","title":"merges tailwind classes correctly","duration":6.96209900000008,"failureMessages":[],"meta":{},"tags":[]},{"ancestorTitles":["cn"],"fullName":"cn handles conditional classes","status":"passed","title":"handles conditional classes","duration":0.38570899999990615,"failureMessages":[],"meta":{},"tags":[]},{"ancestorTitles":["cn"],"fullName":"cn handles objects","status":"passed","title":"handles objects","duration":0.1695239999999103,"failureMessages":[],"meta":{},"tags":[]},{"ancestorTitles":["cn"],"fullName":"cn handles arrays","status":"passed","title":"handles arrays","duration":0.2027140000000145,"failureMessages":[],"meta":{},"tags":[]}],"startTime":1782150091314,"endTime":1782150091322.2026,"status":"passed","message":"","name":"/app/applet/tests/lib/utils.test.ts"},{"assertionResults":[{"ancestorTitles":["configStore"],"fullName":"configStore saveConfig saves and normalizes trailing slashes on apiUrl","status":"passed","title":"saveConfig saves and normalizes trailing slashes on apiUrl","duration":2.697409000000107,"failureMessages":[],"meta":{},"tags":[]},{"ancestorTitles":["configStore"],"fullName":"configStore saveConfig handles multiple trailing slashes","status":"passed","title":"saveConfig handles multiple trailing slashes","duration":0.5992309999999179,"failureMessages":[],"meta":{},"tags":[]},{"ancestorTitles":["configStore"],"fullName":"configStore getConfig retrieves and normalizes existing trailing slashes in localStorage","status":"passed","title":"getConfig retrieves and normalizes existing trailing slashes in localStorage","duration":0.6712390000000141,"failureMessages":[],"meta":{},"tags":[]},{"ancestorTitles":["configStore"],"fullName":"configStore clearConfig removes config from localStorage","status":"passed","title":"clearConfig removes config from localStorage","duration":0.38656700000001365,"failureMessages":[],"meta":{},"tags":[]},{"ancestorTitles":["configStore"],"fullName":"configStore isConfigComplete validates completeness of config object","status":"passed","title":"isConfigComplete validates completeness of config object","duration":0.3999589999998534,"failureMessages":[],"meta":{},"tags":[]}],"startTime":1782150092610,"endTime":1782150092614.4,"status":"passed","message":"","name":"/app/applet/tests/store/configStore.test.ts"}]}