{"numTotalTestSuites":18,"numPassedTestSuites":18,"numFailedTestSuites":0,"numPendingTestSuites":0,"numTotalTests":43,"numPassedTests":43,"numFailedTests":0,"numPendingTests":0,"numTodoTests":0,"snapshot":{"added":0,"failure":false,"filesAdded":0,"filesRemoved":0,"filesRemovedList":[],"filesUnmatched":0,"filesUpdated":0,"matched":0,"total":0,"unchecked":0,"uncheckedKeysByFile":[],"unmatched":0,"updated":0,"didUpdate":false},"startTime":1782162359450,"success":true,"testResults":[{"assertionResults":[{"ancestorTitles":["ClientForm"],"fullName":"ClientForm renders create form correctly","status":"passed","title":"renders create form correctly","duration":65.43190300000015,"failureMessages":[],"meta":{},"tags":[]},{"ancestorTitles":["ClientForm"],"fullName":"ClientForm validates app key format live","status":"passed","title":"validates app key format live","duration":21.523198000000093,"failureMessages":[],"meta":{},"tags":[]},{"ancestorTitles":["ClientForm"],"fullName":"ClientForm submits create mutation with correct data","status":"passed","title":"submits create mutation with correct data","duration":18.403334000000086,"failureMessages":[],"meta":{},"tags":[]},{"ancestorTitles":["ClientForm"],"fullName":"ClientForm renders edit form with pre-filled data and disabled app key","status":"passed","title":"renders edit form with pre-filled data and disabled app key","duration":15.37879799999996,"failureMessages":[],"meta":{},"tags":[]},{"ancestorTitles":["ClientForm"],"fullName":"ClientForm handles submission errors","status":"passed","title":"handles submission errors","duration":8.252496999999948,"failureMessages":[],"meta":{},"tags":[]}],"startTime":1782162362990,"endTime":1782162363118.2524,"status":"passed","message":"","name":"/app/applet/tests/components/ClientForm.test.tsx"},{"assertionResults":[{"ancestorTitles":["ClientTable"],"fullName":"ClientTable renders loading state with skeletons","status":"passed","title":"renders loading state with skeletons","duration":44.30117300000029,"failureMessages":[],"meta":{},"tags":[]},{"ancestorTitles":["ClientTable"],"fullName":"ClientTable renders empty state when no clients exist","status":"passed","title":"renders empty state when no clients exist","duration":16.464519999999993,"failureMessages":[],"meta":{},"tags":[]},{"ancestorTitles":["ClientTable"],"fullName":"ClientTable renders client rows correctly","status":"passed","title":"renders client rows correctly","duration":26.46340599999985,"failureMessages":[],"meta":{},"tags":[]},{"ancestorTitles":["ClientTable"],"fullName":"ClientTable shows rotated token indicator when app_key is in rotatedAppKeys","status":"passed","title":"shows rotated token indicator when app_key is in rotatedAppKeys","duration":11.830147000000125,"failureMessages":[],"meta":{},"tags":[]},{"ancestorTitles":["ClientTable"],"fullName":"ClientTable calls action handlers when buttons are clicked","status":"passed","title":"calls action handlers when buttons are clicked","duration":29.755623000000014,"failureMessages":[],"meta":{},"tags":[]}],"startTime":1782162367366,"endTime":1782162367494.7556,"status":"passed","message":"","name":"/app/applet/tests/components/ClientTable.test.tsx"},{"assertionResults":[{"ancestorTitles":["DeleteConfirmModal"],"fullName":"DeleteConfirmModal renders confirmation with log count","status":"passed","title":"renders confirmation with log count","duration":173.7627809999999,"failureMessages":[],"meta":{},"tags":[]},{"ancestorTitles":["DeleteConfirmModal"],"fullName":"DeleteConfirmModal calls delete mutation when confirmed","status":"passed","title":"calls delete mutation when confirmed","duration":16.038299000000052,"failureMessages":[],"meta":{},"tags":[]},{"ancestorTitles":["DeleteConfirmModal"],"fullName":"DeleteConfirmModal shows success state after deletion","status":"passed","title":"shows success state after deletion","duration":21.913025999999945,"failureMessages":[],"meta":{},"tags":[]}],"startTime":1782162361152,"endTime":1782162361363.913,"status":"passed","message":"","name":"/app/applet/tests/components/DeleteConfirmModal.test.tsx"},{"assertionResults":[{"ancestorTitles":["JsonViewer"],"fullName":"JsonViewer renders null correctly","status":"passed","title":"renders null correctly","duration":29.48206099999993,"failureMessages":[],"meta":{},"tags":[]},{"ancestorTitles":["JsonViewer"],"fullName":"JsonViewer renders undefined correctly","status":"passed","title":"renders undefined correctly","duration":3.0315140000000156,"failureMessages":[],"meta":{},"tags":[]},{"ancestorTitles":["JsonViewer"],"fullName":"JsonViewer renders a string correctly","status":"passed","title":"renders a string correctly","duration":4.221336000000065,"failureMessages":[],"meta":{},"tags":[]},{"ancestorTitles":["JsonViewer"],"fullName":"JsonViewer renders a number correctly","status":"passed","title":"renders a number correctly","duration":2.6798260000000482,"failureMessages":[],"meta":{},"tags":[]},{"ancestorTitles":["JsonViewer"],"fullName":"JsonViewer renders a boolean correctly","status":"passed","title":"renders a boolean correctly","duration":3.2916250000000673,"failureMessages":[],"meta":{},"tags":[]},{"ancestorTitles":["JsonViewer"],"fullName":"JsonViewer renders an empty array correctly","status":"passed","title":"renders an empty array correctly","duration":2.919390999999905,"failureMessages":[],"meta":{},"tags":[]},{"ancestorTitles":["JsonViewer"],"fullName":"JsonViewer renders an empty object correctly","status":"passed","title":"renders an empty object correctly","duration":1.8945400000000063,"failureMessages":[],"meta":{},"tags":[]},{"ancestorTitles":["JsonViewer"],"fullName":"JsonViewer renders an array with items correctly","status":"passed","title":"renders an array with items correctly","duration":5.211826999999857,"failureMessages":[],"meta":{},"tags":[]},{"ancestorTitles":["JsonViewer"],"fullName":"JsonViewer renders an object with properties correctly","status":"passed","title":"renders an object with properties correctly","duration":5.610267000000022,"failureMessages":[],"meta":{},"tags":[]}],"startTime":1782162371881,"endTime":1782162371939.6104,"status":"passed","message":"","name":"/app/applet/tests/components/JsonViewer.test.tsx"},{"assertionResults":[{"ancestorTitles":["LevelBadge"],"fullName":"LevelBadge renders the level text correctly","status":"passed","title":"renders the level text correctly","duration":45.93572199999994,"failureMessages":[],"meta":{},"tags":[]},{"ancestorTitles":["LevelBadge"],"fullName":"LevelBadge applies the correct colors for error level","status":"passed","title":"applies the correct colors for error level","duration":3.3701270000001387,"failureMessages":[],"meta":{},"tags":[]},{"ancestorTitles":["LevelBadge"],"fullName":"LevelBadge renders correctly for all levels","status":"passed","title":"renders correctly for all levels","duration":14.94661199999996,"failureMessages":[],"meta":{},"tags":[]},{"ancestorTitles":["LevelBadge"],"fullName":"LevelBadge applies custom className","status":"passed","title":"applies custom className","duration":3.0950360000001638,"failureMessages":[],"meta":{},"tags":[]}],"startTime":1782162370516,"endTime":1782162370583.095,"status":"passed","message":"","name":"/app/applet/tests/components/LevelBadge.test.tsx"},{"assertionResults":[{"ancestorTitles":["RotateConfirmModal"],"fullName":"RotateConfirmModal renders confirmation message with client name","status":"passed","title":"renders confirmation message with client name","duration":60.69107800000006,"failureMessages":[],"meta":{},"tags":[]},{"ancestorTitles":["RotateConfirmModal"],"fullName":"RotateConfirmModal calls rotation mutation when confirmed","status":"passed","title":"calls rotation mutation when confirmed","duration":14.202723000000105,"failureMessages":[],"meta":{},"tags":[]},{"ancestorTitles":["RotateConfirmModal"],"fullName":"RotateConfirmModal calls onClose when cancel is clicked","status":"passed","title":"calls onClose when cancel is clicked","duration":8.697672000000011,"failureMessages":[],"meta":{},"tags":[]}],"startTime":1782162369144,"endTime":1782162369228.6978,"status":"passed","message":"","name":"/app/applet/tests/components/RotateConfirmModal.test.tsx"},{"assertionResults":[{"ancestorTitles":["TokenRevealModal"],"fullName":"TokenRevealModal renders the app key and token correctly","status":"passed","title":"renders the app key and token correctly","duration":58.761528,"failureMessages":[],"meta":{},"tags":[]},{"ancestorTitles":["TokenRevealModal"],"fullName":"TokenRevealModal handles token copying correctly","status":"passed","title":"handles token copying correctly","duration":20.77932899999996,"failureMessages":[],"meta":{},"tags":[]},{"ancestorTitles":["TokenRevealModal"],"fullName":"TokenRevealModal calls onClose when the confirmation button is clicked","status":"passed","title":"calls onClose when the confirmation button is clicked","duration":9.590606999999864,"failureMessages":[],"meta":{},"tags":[]},{"ancestorTitles":["TokenRevealModal"],"fullName":"TokenRevealModal displays implementation example headers","status":"passed","title":"displays implementation example headers","duration":15.136062999999922,"failureMessages":[],"meta":{},"tags":[]}],"startTime":1782162364680,"endTime":1782162364784.136,"status":"passed","message":"","name":"/app/applet/tests/components/TokenRevealModal.test.tsx"},{"assertionResults":[{"ancestorTitles":["cn"],"fullName":"cn merges tailwind classes correctly","status":"passed","title":"merges tailwind classes correctly","duration":12.780385000000024,"failureMessages":[],"meta":{},"tags":[]},{"ancestorTitles":["cn"],"fullName":"cn handles conditional classes","status":"passed","title":"handles conditional classes","duration":0.6507039999999051,"failureMessages":[],"meta":{},"tags":[]},{"ancestorTitles":["cn"],"fullName":"cn handles objects","status":"passed","title":"handles objects","duration":0.22696700000005876,"failureMessages":[],"meta":{},"tags":[]},{"ancestorTitles":["cn"],"fullName":"cn handles arrays","status":"passed","title":"handles arrays","duration":0.2867220000000543,"failureMessages":[],"meta":{},"tags":[]}],"startTime":1782162373152,"endTime":1782162373166.2866,"status":"passed","message":"","name":"/app/applet/tests/lib/utils.test.ts"},{"assertionResults":[{"ancestorTitles":["configStore"],"fullName":"configStore saveConfig saves and normalizes trailing slashes on apiUrl","status":"passed","title":"saveConfig saves and normalizes trailing slashes on apiUrl","duration":2.4565020000000004,"failureMessages":[],"meta":{},"tags":[]},{"ancestorTitles":["configStore"],"fullName":"configStore saveConfig handles multiple trailing slashes","status":"passed","title":"saveConfig handles multiple trailing slashes","duration":0.519950000000108,"failureMessages":[],"meta":{},"tags":[]},{"ancestorTitles":["configStore"],"fullName":"configStore getConfig retrieves and normalizes existing trailing slashes in localStorage","status":"passed","title":"getConfig retrieves and normalizes existing trailing slashes in localStorage","duration":0.5331169999999474,"failureMessages":[],"meta":{},"tags":[]},{"ancestorTitles":["configStore"],"fullName":"configStore clearConfig removes config from localStorage","status":"passed","title":"clearConfig removes config from localStorage","duration":0.5562129999998433,"failureMessages":[],"meta":{},"tags":[]},{"ancestorTitles":["configStore"],"fullName":"configStore isConfigComplete validates completeness of config object","status":"passed","title":"isConfigComplete validates completeness of config object","duration":0.38335699999993267,"failureMessages":[],"meta":{},"tags":[]},{"ancestorTitles":["configStore"],"fullName":"configStore saveConfig and getConfig persist featureOverrides accurately","status":"passed","title":"saveConfig and getConfig persist featureOverrides accurately","duration":1.043764999999894,"failureMessages":[],"meta":{},"tags":[]}],"startTime":1782162374432,"endTime":1782162374438.0437,"status":"passed","message":"","name":"/app/applet/tests/store/configStore.test.ts"}]}