{"/app/applet/src/components/JsonViewer.tsx": {"path":"/app/applet/src/components/JsonViewer.tsx","statementMap":{"0":{"start":{"line":8,"column":13},"end":{"line":59,"column":null}},"1":{"start":{"line":9,"column":2},"end":{"line":9,"column":null}},"2":{"start":{"line":9,"column":21},"end":{"line":9,"column":null}},"3":{"start":{"line":10,"column":2},"end":{"line":10,"column":null}},"4":{"start":{"line":10,"column":35},"end":{"line":10,"column":null}},"5":{"start":{"line":12,"column":2},"end":{"line":23,"column":null}},"6":{"start":{"line":13,"column":4},"end":{"line":13,"column":null}},"7":{"start":{"line":13,"column":27},"end":{"line":13,"column":null}},"8":{"start":{"line":14,"column":4},"end":{"line":23,"column":null}},"9":{"start":{"line":18,"column":10},"end":{"line":21,"column":null}},"10":{"start":{"line":28,"column":2},"end":{"line":42,"column":null}},"11":{"start":{"line":29,"column":17},"end":{"line":29,"column":34}},"12":{"start":{"line":30,"column":4},"end":{"line":30,"column":null}},"13":{"start":{"line":30,"column":27},"end":{"line":30,"column":null}},"14":{"start":{"line":31,"column":4},"end":{"line":42,"column":null}},"15":{"start":{"line":35,"column":10},"end":{"line":40,"column":null}},"16":{"start":{"line":47,"column":2},"end":{"line":48,"column":null}},"17":{"start":{"line":48,"column":4},"end":{"line":48,"column":null}},"18":{"start":{"line":51,"column":2},"end":{"line":52,"column":null}},"19":{"start":{"line":52,"column":4},"end":{"line":52,"column":null}},"20":{"start":{"line":55,"column":2},"end":{"line":56,"column":null}},"21":{"start":{"line":56,"column":4},"end":{"line":56,"column":null}},"22":{"start":{"line":59,"column":2},"end":{"line":59,"column":null}}},"fnMap":{"0":{"name":"(anonymous_0)","decl":{"start":{"line":8,"column":13},"end":{"line":8,"column":54}},"loc":{"start":{"line":8,"column":78},"end":{"line":59,"column":null}},"line":8},"1":{"name":"(anonymous_1)","decl":{"start":{"line":17,"column":14},"end":{"line":17,"column":19}},"loc":{"start":{"line":18,"column":10},"end":{"line":21,"column":null}},"line":18},"2":{"name":"(anonymous_2)","decl":{"start":{"line":34,"column":14},"end":{"line":34,"column":19}},"loc":{"start":{"line":35,"column":10},"end":{"line":40,"column":null}},"line":35}},"branchMap":{"0":{"loc":{"start":{"line":8,"column":62},"end":{"line":8,"column":78}},"type":"default-arg","locations":[{"start":{"line":8,"column":70},"end":{"line":8,"column":78}}],"line":8},"1":{"loc":{"start":{"line":9,"column":2},"end":{"line":9,"column":null}},"type":"if","locations":[{"start":{"line":9,"column":2},"end":{"line":9,"column":null}},{"start":{},"end":{}}],"line":9},"2":{"loc":{"start":{"line":10,"column":2},"end":{"line":10,"column":null}},"type":"if","locations":[{"start":{"line":10,"column":2},"end":{"line":10,"column":null}},{"start":{},"end":{}}],"line":10},"3":{"loc":{"start":{"line":12,"column":2},"end":{"line":23,"column":null}},"type":"if","locations":[{"start":{"line":12,"column":2},"end":{"line":23,"column":null}},{"start":{},"end":{}}],"line":12},"4":{"loc":{"start":{"line":13,"column":4},"end":{"line":13,"column":null}},"type":"if","locations":[{"start":{"line":13,"column":4},"end":{"line":13,"column":null}},{"start":{},"end":{}}],"line":13},"5":{"loc":{"start":{"line":20,"column":13},"end":{"line":20,"column":null}},"type":"binary-expr","locations":[{"start":{"line":20,"column":13},"end":{"line":20,"column":36}},{"start":{"line":20,"column":36},"end":{"line":20,"column":null}}],"line":20},"6":{"loc":{"start":{"line":28,"column":2},"end":{"line":42,"column":null}},"type":"if","locations":[{"start":{"line":28,"column":2},"end":{"line":42,"column":null}},{"start":{},"end":{}}],"line":28},"7":{"loc":{"start":{"line":30,"column":4},"end":{"line":30,"column":null}},"type":"if","locations":[{"start":{"line":30,"column":4},"end":{"line":30,"column":null}},{"start":{},"end":{}}],"line":30},"8":{"loc":{"start":{"line":39,"column":13},"end":{"line":39,"column":null}},"type":"binary-expr","locations":[{"start":{"line":39,"column":13},"end":{"line":39,"column":36}},{"start":{"line":39,"column":36},"end":{"line":39,"column":null}}],"line":39},"9":{"loc":{"start":{"line":47,"column":2},"end":{"line":48,"column":null}},"type":"if","locations":[{"start":{"line":47,"column":2},"end":{"line":48,"column":null}},{"start":{},"end":{}}],"line":47},"10":{"loc":{"start":{"line":51,"column":2},"end":{"line":52,"column":null}},"type":"if","locations":[{"start":{"line":51,"column":2},"end":{"line":52,"column":null}},{"start":{},"end":{}}],"line":51},"11":{"loc":{"start":{"line":55,"column":2},"end":{"line":56,"column":null}},"type":"if","locations":[{"start":{"line":55,"column":2},"end":{"line":56,"column":null}},{"start":{},"end":{}}],"line":55}},"s":{"0":1,"1":13,"2":1,"3":12,"4":12,"5":11,"6":2,"7":1,"8":1,"9":2,"10":9,"11":2,"12":2,"13":1,"14":1,"15":2,"16":7,"17":3,"18":4,"19":3,"20":1,"21":1,"22":0},"f":{"0":13,"1":2,"2":2},"b":{"0":[13],"1":[1,12],"2":[1,11],"3":[2,9],"4":[1,1],"5":[2,1],"6":[2,7],"7":[1,1],"8":[2,1],"9":[3,4],"10":[3,1],"11":[1,0]},"meta":{"lastBranch":12,"lastFunction":3,"lastStatement":23,"seen":{"s:8:13:59:Infinity":0,"f:8:13:8:54":0,"b:8:70:8:78":0,"b:9:2:9:Infinity:undefined:undefined:undefined:undefined":1,"s:9:2:9:Infinity":1,"s:9:21:9:Infinity":2,"b:10:2:10:Infinity:undefined:undefined:undefined:undefined":2,"s:10:2:10:Infinity":3,"s:10:35:10:Infinity":4,"b:12:2:23:Infinity:undefined:undefined:undefined:undefined":3,"s:12:2:23:Infinity":5,"b:13:4:13:Infinity:undefined:undefined:undefined:undefined":4,"s:13:4:13:Infinity":6,"s:13:27:13:Infinity":7,"s:14:4:23:Infinity":8,"f:17:14:17:19":1,"s:18:10:21:Infinity":9,"b:20:13:20:36:20:36:20:Infinity":5,"b:28:2:42:Infinity:undefined:undefined:undefined:undefined":6,"s:28:2:42:Infinity":10,"s:29:17:29:34":11,"b:30:4:30:Infinity:undefined:undefined:undefined:undefined":7,"s:30:4:30:Infinity":12,"s:30:27:30:Infinity":13,"s:31:4:42:Infinity":14,"f:34:14:34:19":2,"s:35:10:40:Infinity":15,"b:39:13:39:36:39:36:39:Infinity":8,"b:47:2:48:Infinity:undefined:undefined:undefined:undefined":9,"s:47:2:48:Infinity":16,"s:48:4:48:Infinity":17,"b:51:2:52:Infinity:undefined:undefined:undefined:undefined":10,"s:51:2:52:Infinity":18,"s:52:4:52:Infinity":19,"b:55:2:56:Infinity:undefined:undefined:undefined:undefined":11,"s:55:2:56:Infinity":20,"s:56:4:56:Infinity":21,"s:59:2:59:Infinity":22}}}
,"/app/applet/src/components/LevelBadge.tsx": {"path":"/app/applet/src/components/LevelBadge.tsx","statementMap":{"0":{"start":{"line":10,"column":47},"end":{"line":17,"column":null}},"1":{"start":{"line":19,"column":13},"end":{"line":27,"column":null}},"2":{"start":{"line":20,"column":2},"end":{"line":27,"column":null}}},"fnMap":{"0":{"name":"(anonymous_0)","decl":{"start":{"line":19,"column":13},"end":{"line":19,"column":54}},"loc":{"start":{"line":19,"column":79},"end":{"line":27,"column":null}},"line":19}},"branchMap":{},"s":{"0":1,"1":1,"2":9},"f":{"0":9},"b":{},"meta":{"lastBranch":0,"lastFunction":1,"lastStatement":3,"seen":{"s:10:47:17:Infinity":0,"s:19:13:27:Infinity":1,"f:19:13:19:54":0,"s:20:2:27:Infinity":2}}}
,"/app/applet/src/lib/utils.ts": {"path":"/app/applet/src/lib/utils.ts","statementMap":{"0":{"start":{"line":5,"column":2},"end":{"line":5,"column":null}}},"fnMap":{"0":{"name":"cn","decl":{"start":{"line":4,"column":16},"end":{"line":4,"column":19}},"loc":{"start":{"line":4,"column":44},"end":{"line":5,"column":null}},"line":4}},"branchMap":{},"s":{"0":13},"f":{"0":13},"b":{},"meta":{"lastBranch":0,"lastFunction":1,"lastStatement":1,"seen":{"f:4:16:4:19":0,"s:5:2:5:Infinity":0}}}
}
